-------------------------------------------------------------------------------
Test set: CucumberTestSuite
-------------------------------------------------------------------------------
Tests run: 14, Failures: 1, Errors: 5, Skipped: 0, Time elapsed: 404.3 s <<< FAILURE! -- in CucumberTestSuite
Guest Checkout Functionality.Proceed to checkout as guest user -- Time elapsed: 31.51 s <<< ERROR!
org.openqa.selenium.TimeoutException: 
Expected condition failed: waiting for visibility of By.xpath: //h4[@class='title']/a[text()='HTC Touch HD'] (tried for 5 second(s) with 250 milliseconds interval)
Build info: version: '4.27.0', revision: 'd6e718d134'
System info: os.name: 'Windows 11', os.arch: 'amd64', os.version: '10.0', java.version: '22.0.2'
Driver info: driver.version: unknown
	at org.openqa.selenium.support.ui.FluentWait.timeoutException(FluentWait.java:265)
	at org.openqa.selenium.support.ui.FluentWait.until(FluentWait.java:228)
	at pages.HomePage.selectProductByName(HomePage.java:26)
	at pages.HomePage$ByteBuddy$JA5KebqG.selectProductByName$accessor$e9N0H8yz(Unknown Source)
	at java.base/java.lang.reflect.Method.invoke(Method.java:580)
	at net.thucydides.core.steps.BaseMethodRunner.invokeMethod(BaseMethodRunner.java:18)
	at net.thucydides.core.steps.NormalMethodRunner.invokeMethodAndNotifyFailures(NormalMethodRunner.java:18)
	at net.thucydides.core.steps.StepInterceptor.runNormalMethod(StepInterceptor.java:425)
	at net.thucydides.core.steps.StepInterceptor.testStepResult(StepInterceptor.java:200)
	at net.thucydides.core.steps.StepInterceptor.intercept(StepInterceptor.java:93)
	at net.thucydides.core.steps.ProxyConfiguration$InterceptorDispatcher.intercept(ProxyConfiguration.java:51)
	at pages.HomePage$ByteBuddy$JA5KebqG.selectProductByName(Unknown Source)
	at steps.AddProductToCartSteps.the_user_selects_a_product_from_the_product_list(AddProductToCartSteps.java:34)
	at ✽.the user selects a product from the product list(classpath:features/01_guest_checkout.feature:6)

Add Product to Cart.Add a product to the cart from the product details page -- Time elapsed: 34.09 s <<< ERROR!
org.openqa.selenium.TimeoutException: 
Expected condition failed: waiting for visibility of By.xpath: //h4[@class='title']/a[text()='HTC Touch HD'] (tried for 5 second(s) with 250 milliseconds interval)
Build info: version: '4.27.0', revision: 'd6e718d134'
System info: os.name: 'Windows 11', os.arch: 'amd64', os.version: '10.0', java.version: '22.0.2'
Driver info: driver.version: unknown
	at org.openqa.selenium.support.ui.FluentWait.timeoutException(FluentWait.java:265)
	at org.openqa.selenium.support.ui.FluentWait.until(FluentWait.java:228)
	at pages.HomePage.selectProductByName(HomePage.java:26)
	at pages.HomePage$ByteBuddy$JA5KebqG.selectProductByName$accessor$e9N0H8yz(Unknown Source)
	at java.base/java.lang.reflect.Method.invoke(Method.java:580)
	at net.thucydides.core.steps.BaseMethodRunner.invokeMethod(BaseMethodRunner.java:18)
	at net.thucydides.core.steps.NormalMethodRunner.invokeMethodAndNotifyFailures(NormalMethodRunner.java:18)
	at net.thucydides.core.steps.StepInterceptor.runNormalMethod(StepInterceptor.java:425)
	at net.thucydides.core.steps.StepInterceptor.testStepResult(StepInterceptor.java:200)
	at net.thucydides.core.steps.StepInterceptor.intercept(StepInterceptor.java:93)
	at net.thucydides.core.steps.ProxyConfiguration$InterceptorDispatcher.intercept(ProxyConfiguration.java:51)
	at pages.HomePage$ByteBuddy$JA5KebqG.selectProductByName(Unknown Source)
	at steps.AddProductToCartSteps.the_user_selects_a_product_from_the_product_list(AddProductToCartSteps.java:34)
	at ✽.the user selects a product from the product list(classpath:features/02_add_product_to_cart.feature:8)

Buy Now and Checkout.Proceed to checkout by Buy Now -- Time elapsed: 32.98 s <<< ERROR!
org.openqa.selenium.TimeoutException: 
Expected condition failed: waiting for visibility of By.xpath: //h4[@class='title']/a[text()='HTC Touch HD'] (tried for 5 second(s) with 250 milliseconds interval)
Build info: version: '4.27.0', revision: 'd6e718d134'
System info: os.name: 'Windows 11', os.arch: 'amd64', os.version: '10.0', java.version: '22.0.2'
Driver info: driver.version: unknown
	at org.openqa.selenium.support.ui.FluentWait.timeoutException(FluentWait.java:265)
	at org.openqa.selenium.support.ui.FluentWait.until(FluentWait.java:228)
	at pages.HomePage.selectProductByName(HomePage.java:26)
	at pages.HomePage$ByteBuddy$JA5KebqG.selectProductByName$accessor$e9N0H8yz(Unknown Source)
	at java.base/java.lang.reflect.Method.invoke(Method.java:580)
	at net.thucydides.core.steps.BaseMethodRunner.invokeMethod(BaseMethodRunner.java:18)
	at net.thucydides.core.steps.NormalMethodRunner.invokeMethodAndNotifyFailures(NormalMethodRunner.java:18)
	at net.thucydides.core.steps.StepInterceptor.runNormalMethod(StepInterceptor.java:425)
	at net.thucydides.core.steps.StepInterceptor.testStepResult(StepInterceptor.java:200)
	at net.thucydides.core.steps.StepInterceptor.intercept(StepInterceptor.java:93)
	at net.thucydides.core.steps.ProxyConfiguration$InterceptorDispatcher.intercept(ProxyConfiguration.java:51)
	at pages.HomePage$ByteBuddy$JA5KebqG.selectProductByName(Unknown Source)
	at steps.AddProductToCartSteps.the_user_selects_a_product_from_the_product_list(AddProductToCartSteps.java:34)
	at ✽.the user selects a product from the product list(classpath:features/03_buy_now_and_checkout.feature:6)

Remove Product from Cart.Remove a product from the cart -- Time elapsed: 32.86 s <<< ERROR!
org.openqa.selenium.TimeoutException: 
Expected condition failed: waiting for visibility of By.xpath: //h4[@class='title']/a[text()='HTC Touch HD'] (tried for 5 second(s) with 250 milliseconds interval)
Build info: version: '4.27.0', revision: 'd6e718d134'
System info: os.name: 'Windows 11', os.arch: 'amd64', os.version: '10.0', java.version: '22.0.2'
Driver info: driver.version: unknown
	at org.openqa.selenium.support.ui.FluentWait.timeoutException(FluentWait.java:265)
	at org.openqa.selenium.support.ui.FluentWait.until(FluentWait.java:228)
	at pages.HomePage.selectProductByName(HomePage.java:26)
	at pages.HomePage$ByteBuddy$JA5KebqG.selectProductByName$accessor$e9N0H8yz(Unknown Source)
	at java.base/java.lang.reflect.Method.invoke(Method.java:580)
	at net.thucydides.core.steps.BaseMethodRunner.invokeMethod(BaseMethodRunner.java:18)
	at net.thucydides.core.steps.NormalMethodRunner.invokeMethodAndNotifyFailures(NormalMethodRunner.java:18)
	at net.thucydides.core.steps.StepInterceptor.runNormalMethod(StepInterceptor.java:425)
	at net.thucydides.core.steps.StepInterceptor.testStepResult(StepInterceptor.java:200)
	at net.thucydides.core.steps.StepInterceptor.intercept(StepInterceptor.java:93)
	at net.thucydides.core.steps.ProxyConfiguration$InterceptorDispatcher.intercept(ProxyConfiguration.java:51)
	at pages.HomePage$ByteBuddy$JA5KebqG.selectProductByName(Unknown Source)
	at steps.AddProductToCartSteps.the_user_selects_a_product_from_the_product_list(AddProductToCartSteps.java:34)
	at ✽.the user selects a product from the product list(classpath:features/04_remove_product_from_cart.feature:6)

User Workflow.Validate incorrect telephone number during profile update -- Time elapsed: 41.03 s <<< FAILURE!
org.opentest4j.AssertionFailedError: 
[Expected error message is not displayed.] 
expected: "Invalid mobile number format."
 but was: ""
	at java.base/java.lang.reflect.Constructor.newInstanceWithCaller(Constructor.java:502)
	at steps.EditProfileSteps.an_error_message_should_be_displayed(EditProfileSteps.java:67)
	at ✽.an error message should be displayed "Invalid mobile number format."(classpath:features/UserAccountWorkFlow.feature:49)

Proceed to Checkout from Cart.Proceed to checkout -- Time elapsed: 32.52 s <<< ERROR!
org.openqa.selenium.TimeoutException: 
Expected condition failed: waiting for visibility of By.xpath: //h4[@class='title']/a[text()='HTC Touch HD'] (tried for 5 second(s) with 250 milliseconds interval)
Build info: version: '4.27.0', revision: 'd6e718d134'
System info: os.name: 'Windows 11', os.arch: 'amd64', os.version: '10.0', java.version: '22.0.2'
Driver info: driver.version: unknown
	at org.openqa.selenium.support.ui.FluentWait.timeoutException(FluentWait.java:265)
	at org.openqa.selenium.support.ui.FluentWait.until(FluentWait.java:228)
	at pages.HomePage.selectProductByName(HomePage.java:26)
	at pages.HomePage$ByteBuddy$JA5KebqG.selectProductByName$accessor$e9N0H8yz(Unknown Source)
	at java.base/java.lang.reflect.Method.invoke(Method.java:580)
	at net.thucydides.core.steps.BaseMethodRunner.invokeMethod(BaseMethodRunner.java:18)
	at net.thucydides.core.steps.NormalMethodRunner.invokeMethodAndNotifyFailures(NormalMethodRunner.java:18)
	at net.thucydides.core.steps.StepInterceptor.runNormalMethod(StepInterceptor.java:425)
	at net.thucydides.core.steps.StepInterceptor.testStepResult(StepInterceptor.java:200)
	at net.thucydides.core.steps.StepInterceptor.intercept(StepInterceptor.java:93)
	at net.thucydides.core.steps.ProxyConfiguration$InterceptorDispatcher.intercept(ProxyConfiguration.java:51)
	at pages.HomePage$ByteBuddy$JA5KebqG.selectProductByName(Unknown Source)
	at steps.AddProductToCartSteps.the_user_selects_a_product_from_the_product_list(AddProductToCartSteps.java:34)
	at ✽.the user selects a product from the product list(classpath:features/proceed_to_checkout_from_cart.feature:6)

