<?xml version="1.0" encoding="UTF-8"?>
<testsuite xmlns:xsi="http://www.w3.org/2001/XMLSchema-instance" xsi:noNamespaceSchemaLocation="https://maven.apache.org/surefire/maven-failsafe-plugin/xsd/failsafe-test-report-3.0.xsd" version="3.0" name="CucumberTestSuite" time="404.27" tests="14" errors="5" skipped="0" failures="1">
  <properties>
[...]
</properties>
  <testcase name="Successful login with valid credentials" classname="User Login" time="12.403">
    <system-out><![CDATA[19:40:13.285 [main] INFO  n.thucydides.core.steps.StepEventBus - Loading JUnit Platform configuration parameters from classpath resource [junit-platform.properties].
19:40:13.314 [main] INFO   - 

-------------------------------------------------------------------------------------
     _______. _______ .______       _______ .__   __.  __  .___________.____    ____ 
    /       ||   ____||   _  \     |   ____||  \ |  | |  | |           |\   \  /   / 
   |   (----`|  |__   |  |_)  |    |  |__   |   \|  | |  | `---|  |----` \   \/   /  
    \   \    |   __|  |      /     |   __|  |  . `  | |  |     |  |       \_    _/   
.----)   |   |  |____ |  |\  \----.|  |____ |  |\   | |  |     |  |         |  |     
|_______/    |_______|| _| `._____||_______||__| \__| |__|     |__|         |__|    
                                                                                     
 News and tutorials at https://serenity-bdd.info                                     
 Documentation at https://serenity-bdd.github.io                                     
 Test Automation Training and Coaching: https://www.serenity-dojo.com                
 Commercial Support: https://www.serenity-dojo.com/serenity-bdd-enterprise-support   
 Join the Serenity Community on Gitter: https://gitter.im/serenity-bdd/serenity-core 
-------------------------------------------------------------------------------------

19:40:13.317 [main] INFO   - Test Suite Started: User Login

Scenario: Successful login with valid credentials             &amp#27;[90m# features/00_login.feature:3&amp#27;[0m
  &amp#27;[32mGiven &amp#27;[0m&amp#27;[32mthe user is on the login page&amp#27;[0m                         &amp#27;[90m# steps.LoginSteps.the_user_is_on_the_login_page()&amp#27;[0m
  &amp#27;[32mWhen &amp#27;[0m&amp#27;[32mthe user enters valid email and password&amp#27;[0m               &amp#27;[90m# steps.LoginSteps.the_user_enters_valid_email_and_password()&amp#27;[0m
  &amp#27;[32mAnd &amp#27;[0m&amp#27;[32mthe user clicks the login button&amp#27;[0m                        &amp#27;[90m# steps.LoginSteps.the_user_clicks_the_login_button()&amp#27;[0m
  &amp#27;[32mThen &amp#27;[0m&amp#27;[32mthe user should be redirected to the account dashboard&amp#27;[0m &amp#27;[90m# steps.LoginSteps.the_user_should_be_redirected_to_the_account_dashboard()&amp#27;[0m
]]></system-out>
    <system-err><![CDATA[SLF4J: Class path contains multiple SLF4J providers.
SLF4J: Found provider [ch.qos.logback.classic.spi.LogbackServiceProvider@7ba18f1b]
SLF4J: Found provider [org.slf4j.simple.SimpleServiceProvider@2f8f5f62]
SLF4J: See https://www.slf4j.org/codes.html#multiple_bindings for an explanation.
SLF4J: Actual provider is of type [ch.qos.logback.classic.spi.LogbackServiceProvider@7ba18f1b]
WARNING: A Java agent has been loaded dynamically (C:\Users\Chinthana\.m2\repository\net\bytebuddy\byte-buddy-agent\1.15.11\byte-buddy-agent-1.15.11.jar)
WARNING: If a serviceability tool is in use, please run with -XX:+EnableDynamicAgentLoading to hide this warning
WARNING: If a serviceability tool is not in use, please run with -Djdk.instrument.traceUsage for more information
WARNING: Dynamic loading of agents will be disallowed by default in a future release
]]></system-err>
  </testcase>
  <testcase name="Proceed to checkout as guest user" classname="Guest Checkout Functionality" time="31.512">
    <error message="Expected condition failed: waiting for visibility of By.xpath: //h4[@class=&apos;title&apos;]/a[text()=&apos;HTC Touch HD&apos;] (tried for 5 second(s) with 250 milliseconds interval)&#10;Build info: version: &apos;4.27.0&apos;, revision: &apos;d6e718d134&apos;&#10;System info: os.name: &apos;Windows 11&apos;, os.arch: &apos;amd64&apos;, os.version: &apos;10.0&apos;, java.version: &apos;22.0.2&apos;&#10;Driver info: driver.version: unknown" type="org.openqa.selenium.TimeoutException"><![CDATA[org.openqa.selenium.TimeoutException: 
Expected condition failed: waiting for visibility of By.xpath: //h4[@class='title']/a[text()='HTC Touch HD'] (tried for 5 second(s) with 250 milliseconds interval)
Build info: version: '4.27.0', revision: 'd6e718d134'
System info: os.name: 'Windows 11', os.arch: 'amd64', os.version: '10.0', java.version: '22.0.2'
Driver info: driver.version: unknown
	at org.openqa.selenium.support.ui.FluentWait.timeoutException(FluentWait.java:265)
	at org.openqa.selenium.support.ui.FluentWait.until(FluentWait.java:228)
	at pages.HomePage.selectProductByName(HomePage.java:26)
	at pages.HomePage$ByteBuddy$JA5KebqG.selectProductByName$accessor$e9N0H8yz(Unknown Source)
	at java.base/java.lang.reflect.Method.invoke(Method.java:580)
	at net.thucydides.core.steps.BaseMethodRunner.invokeMethod(BaseMethodRunner.java:18)
	at net.thucydides.core.steps.NormalMethodRunner.invokeMethodAndNotifyFailures(NormalMethodRunner.java:18)
	at net.thucydides.core.steps.StepInterceptor.runNormalMethod(StepInterceptor.java:425)
	at net.thucydides.core.steps.StepInterceptor.testStepResult(StepInterceptor.java:200)
	at net.thucydides.core.steps.StepInterceptor.intercept(StepInterceptor.java:93)
	at net.thucydides.core.steps.ProxyConfiguration$InterceptorDispatcher.intercept(ProxyConfiguration.java:51)
	at pages.HomePage$ByteBuddy$JA5KebqG.selectProductByName(Unknown Source)
	at steps.AddProductToCartSteps.the_user_selects_a_product_from_the_product_list(AddProductToCartSteps.java:34)
	at ✽.the user selects a product from the product list(classpath:features/01_guest_checkout.feature:6)
]]></error>
    <system-out><![CDATA[19:40:25.783 [main] INFO   - Test Suite Started: Guest Checkout Functionality

Scenario: Proceed to checkout as guest user                                  &amp#27;[90m# features/01_guest_checkout.feature:12&amp#27;[0m
  &amp#27;[32mGiven &amp#27;[0m&amp#27;[32mthe user is not logged in&amp#27;[0m                                            &amp#27;[90m# steps.LoginSteps.the_user_is_not_logged_in()&amp#27;[0m
  &amp#27;[32mAnd &amp#27;[0m&amp#27;[32mthe user is on the home page&amp#27;[0m                                           &amp#27;[90m# steps.AddProductToCartSteps.the_user_is_on_the_home_page()&amp#27;[0m
  &amp#27;[31mWhen &amp#27;[0m&amp#27;[31mthe user selects a product from the product list&amp#27;[0m                      &amp#27;[90m# steps.AddProductToCartSteps.the_user_selects_a_product_from_the_product_list()&amp#27;[0m
      &amp#27;[31morg.openqa.selenium.TimeoutException: Expected condition failed: waiting for visibility of By.xpath: //h4[@class='title']/a[text()='HTC Touch HD'] (tried for 5 second(s) with 250 milliseconds interval)
Build info: version: '4.27.0', revision: 'd6e718d134'
System info: os.name: 'Windows 11', os.arch: 'amd64', os.version: '10.0', java.version: '22.0.2'
Driver info: driver.version: unknown
	at org.openqa.selenium.support.ui.FluentWait.timeoutException(FluentWait.java:265)
	at org.openqa.selenium.support.ui.FluentWait.until(FluentWait.java:228)
	at pages.HomePage.selectProductByName(HomePage.java:26)
	at pages.HomePage$ByteBuddy$JA5KebqG.selectProductByName$accessor$e9N0H8yz(Unknown Source)
	at java.base/jdk.internal.reflect.DirectMethodHandleAccessor.invoke(DirectMethodHandleAccessor.java:103)
	at java.base/java.lang.reflect.Method.invoke(Method.java:580)
	at net.thucydides.core.steps.BaseMethodRunner.invokeMethod(BaseMethodRunner.java:18)
	at net.thucydides.core.steps.NormalMethodRunner.invokeMethodAndNotifyFailures(NormalMethodRunner.java:18)
	at net.thucydides.core.steps.StepInterceptor.runNormalMethod(StepInterceptor.java:425)
	at net.thucydides.core.steps.StepInterceptor.testStepResult(StepInterceptor.java:200)
	at net.thucydides.core.steps.StepInterceptor.intercept(StepInterceptor.java:93)
	at net.thucydides.core.steps.ProxyConfiguration$InterceptorDispatcher.intercept(ProxyConfiguration.java:51)
	at pages.HomePage$ByteBuddy$JA5KebqG.selectProductByName(Unknown Source)
	at steps.AddProductToCartSteps.the_user_selects_a_product_from_the_product_list(AddProductToCartSteps.java:34)
	at ✽.the user selects a product from the product list(classpath:features/01_guest_checkout.feature:6)
&amp#27;[0m
  &amp#27;[36mAnd &amp#27;[0m&amp#27;[36mthe user navigates to the product details page&amp#27;[0m                         &amp#27;[90m# steps.AddProductToCartSteps.the_user_navigates_to_the_product_details_page()&amp#27;[0m
  &amp#27;[36mAnd &amp#27;[0m&amp#27;[36mthe product is available&amp#27;[0m                                               &amp#27;[90m# steps.AddProductToCartSteps.the_product_is_available()&amp#27;[0m
  &amp#27;[36mAnd &amp#27;[0m&amp#27;[36mthe user adds the product to the cart&amp#27;[0m                                  &amp#27;[90m# steps.AddProductToCartSteps.the_user_adds_the_product_to_the_cart()&amp#27;[0m
  &amp#27;[36mAnd &amp#27;[0m&amp#27;[36mthe user navigates to the cart page&amp#27;[0m                                    &amp#27;[90m# steps.AddProductToCartSteps.the_user_navigates_to_the_cart_page()&amp#27;[0m
  &amp#27;[36mWhen &amp#27;[0m&amp#27;[36mthe user proceeds to checkout&amp#27;[0m                                         &amp#27;[90m# steps.CheckoutSteps.the_user_proceeds_to_checkout()&amp#27;[0m
  &amp#27;[36mAnd &amp#27;[0m&amp#27;[36mthe user chooses guest checkout&amp#27;[0m                                        &amp#27;[90m# steps.CheckoutSteps.the_user_chooses_guest_checkout()&amp#27;[0m
  &amp#27;[36mThen &amp#27;[0m&amp#27;[36muser navigate to checkout page&amp#27;[0m                                        &amp#27;[90m# steps.CheckoutSteps.user_navigate_to_checkout_page()&amp#27;[0m
  &amp#27;[36mAnd &amp#27;[0m&amp#27;[36mthe checkout page should display the correct product and price details&amp#27;[0m &amp#27;[90m# steps.CheckoutSteps.the_checkout_page_should_display_the_correct_product_and_price_details()&amp#27;[0m
  &amp#27;[36mAnd &amp#27;[0m&amp#27;[36mthe user fills the all the checkout details&amp#27;[0m                            &amp#27;[90m# steps.CheckoutSteps.the_user_fills_the_all_the_checkout_details()&amp#27;[0m
  &amp#27;[36mAnd &amp#27;[0m&amp#27;[36mthe user accepts the terms and conditions&amp#27;[0m                              &amp#27;[90m# steps.CheckoutSteps.the_user_accepts_the_terms_and_conditions()&amp#27;[0m
  &amp#27;[36mAnd &amp#27;[0m&amp#27;[36mthe user clicks the continue button&amp#27;[0m                                    &amp#27;[90m# steps.CheckoutSteps.the_user_clicks_the_continue_button()&amp#27;[0m
  &amp#27;[36mThen &amp#27;[0m&amp#27;[36mthe user should be able to see the confirm order page&amp#27;[0m                 &amp#27;[90m# steps.CheckoutSteps.the_user_should_be_able_to_see_the_confirm_order_page()&amp#27;[0m
  &amp#27;[36mAnd &amp#27;[0m&amp#27;[36mthe user confirms the order&amp#27;[0m                                            &amp#27;[90m# steps.CheckoutSteps.the_user_confirms_the_order()&amp#27;[0m
  &amp#27;[36mThen &amp#27;[0m&amp#27;[36mthe user navigates to the success page&amp#27;[0m                                &amp#27;[90m# steps.CheckoutSteps.the_user_navigates_to_the_success_page()&amp#27;[0m
  &amp#27;[36mAnd &amp#27;[0m&amp#27;[36muser click continue button&amp#27;[0m                                             &amp#27;[90m# steps.CheckoutSteps.user_click_continue_button()&amp#27;[0m
]]></system-out>
  </testcase>
  <testcase name="Add a product to the cart from the product details page" classname="Add Product to Cart" time="34.09">
    <error message="Expected condition failed: waiting for visibility of By.xpath: //h4[@class=&apos;title&apos;]/a[text()=&apos;HTC Touch HD&apos;] (tried for 5 second(s) with 250 milliseconds interval)&#10;Build info: version: &apos;4.27.0&apos;, revision: &apos;d6e718d134&apos;&#10;System info: os.name: &apos;Windows 11&apos;, os.arch: &apos;amd64&apos;, os.version: &apos;10.0&apos;, java.version: &apos;22.0.2&apos;&#10;Driver info: driver.version: unknown" type="org.openqa.selenium.TimeoutException"><![CDATA[org.openqa.selenium.TimeoutException: 
Expected condition failed: waiting for visibility of By.xpath: //h4[@class='title']/a[text()='HTC Touch HD'] (tried for 5 second(s) with 250 milliseconds interval)
Build info: version: '4.27.0', revision: 'd6e718d134'
System info: os.name: 'Windows 11', os.arch: 'amd64', os.version: '10.0', java.version: '22.0.2'
Driver info: driver.version: unknown
	at org.openqa.selenium.support.ui.FluentWait.timeoutException(FluentWait.java:265)
	at org.openqa.selenium.support.ui.FluentWait.until(FluentWait.java:228)
	at pages.HomePage.selectProductByName(HomePage.java:26)
	at pages.HomePage$ByteBuddy$JA5KebqG.selectProductByName$accessor$e9N0H8yz(Unknown Source)
	at java.base/java.lang.reflect.Method.invoke(Method.java:580)
	at net.thucydides.core.steps.BaseMethodRunner.invokeMethod(BaseMethodRunner.java:18)
	at net.thucydides.core.steps.NormalMethodRunner.invokeMethodAndNotifyFailures(NormalMethodRunner.java:18)
	at net.thucydides.core.steps.StepInterceptor.runNormalMethod(StepInterceptor.java:425)
	at net.thucydides.core.steps.StepInterceptor.testStepResult(StepInterceptor.java:200)
	at net.thucydides.core.steps.StepInterceptor.intercept(StepInterceptor.java:93)
	at net.thucydides.core.steps.ProxyConfiguration$InterceptorDispatcher.intercept(ProxyConfiguration.java:51)
	at pages.HomePage$ByteBuddy$JA5KebqG.selectProductByName(Unknown Source)
	at steps.AddProductToCartSteps.the_user_selects_a_product_from_the_product_list(AddProductToCartSteps.java:34)
	at ✽.the user selects a product from the product list(classpath:features/02_add_product_to_cart.feature:8)
]]></error>
    <system-out><![CDATA[19:40:57.299 [main] INFO   - Test Suite Started: Add Product to Cart

Scenario: Add a product to the cart from the product details page     &amp#27;[90m# features/02_add_product_to_cart.feature:6&amp#27;[0m
  &amp#27;[32mGiven &amp#27;[0m&amp#27;[32mthe user is logged in&amp#27;[0m                                         &amp#27;[90m# steps.LoginSteps.the_user_is_logged_in()&amp#27;[0m
  &amp#27;[32mGiven &amp#27;[0m&amp#27;[32mthe user is on the home page&amp#27;[0m                                  &amp#27;[90m# steps.AddProductToCartSteps.the_user_is_on_the_home_page()&amp#27;[0m
  &amp#27;[31mWhen &amp#27;[0m&amp#27;[31mthe user selects a product from the product list&amp#27;[0m               &amp#27;[90m# steps.AddProductToCartSteps.the_user_selects_a_product_from_the_product_list()&amp#27;[0m
      &amp#27;[31morg.openqa.selenium.TimeoutException: Expected condition failed: waiting for visibility of By.xpath: //h4[@class='title']/a[text()='HTC Touch HD'] (tried for 5 second(s) with 250 milliseconds interval)
Build info: version: '4.27.0', revision: 'd6e718d134'
System info: os.name: 'Windows 11', os.arch: 'amd64', os.version: '10.0', java.version: '22.0.2'
Driver info: driver.version: unknown
	at org.openqa.selenium.support.ui.FluentWait.timeoutException(FluentWait.java:265)
	at org.openqa.selenium.support.ui.FluentWait.until(FluentWait.java:228)
	at pages.HomePage.selectProductByName(HomePage.java:26)
	at pages.HomePage$ByteBuddy$JA5KebqG.selectProductByName$accessor$e9N0H8yz(Unknown Source)
	at java.base/jdk.internal.reflect.DirectMethodHandleAccessor.invoke(DirectMethodHandleAccessor.java:103)
	at java.base/java.lang.reflect.Method.invoke(Method.java:580)
	at net.thucydides.core.steps.BaseMethodRunner.invokeMethod(BaseMethodRunner.java:18)
	at net.thucydides.core.steps.NormalMethodRunner.invokeMethodAndNotifyFailures(NormalMethodRunner.java:18)
	at net.thucydides.core.steps.StepInterceptor.runNormalMethod(StepInterceptor.java:425)
	at net.thucydides.core.steps.StepInterceptor.testStepResult(StepInterceptor.java:200)
	at net.thucydides.core.steps.StepInterceptor.intercept(StepInterceptor.java:93)
	at net.thucydides.core.steps.ProxyConfiguration$InterceptorDispatcher.intercept(ProxyConfiguration.java:51)
	at pages.HomePage$ByteBuddy$JA5KebqG.selectProductByName(Unknown Source)
	at steps.AddProductToCartSteps.the_user_selects_a_product_from_the_product_list(AddProductToCartSteps.java:34)
	at ✽.the user selects a product from the product list(classpath:features/02_add_product_to_cart.feature:8)
&amp#27;[0m
  &amp#27;[36mAnd &amp#27;[0m&amp#27;[36mthe user navigates to the product details page&amp#27;[0m                  &amp#27;[90m# steps.AddProductToCartSteps.the_user_navigates_to_the_product_details_page()&amp#27;[0m
  &amp#27;[36mAnd &amp#27;[0m&amp#27;[36mthe product is available&amp#27;[0m                                        &amp#27;[90m# steps.AddProductToCartSteps.the_product_is_available()&amp#27;[0m
  &amp#27;[36mAnd &amp#27;[0m&amp#27;[36mthe user adds the product to the cart&amp#27;[0m                           &amp#27;[90m# steps.AddProductToCartSteps.the_user_adds_the_product_to_the_cart()&amp#27;[0m
  &amp#27;[36mAnd &amp#27;[0m&amp#27;[36mthe user navigates to the cart page&amp#27;[0m                             &amp#27;[90m# steps.AddProductToCartSteps.the_user_navigates_to_the_cart_page()&amp#27;[0m
  &amp#27;[36mThen &amp#27;[0m&amp#27;[36mthe product should appear in the cart with the correct details&amp#27;[0m &amp#27;[90m# steps.AddProductToCartSteps.the_product_should_appear_in_the_cart_with_the_correct_details()&amp#27;[0m
]]></system-out>
  </testcase>
  <testcase name="Proceed to checkout by Buy Now" classname="Buy Now and Checkout" time="32.982">
    <error message="Expected condition failed: waiting for visibility of By.xpath: //h4[@class=&apos;title&apos;]/a[text()=&apos;HTC Touch HD&apos;] (tried for 5 second(s) with 250 milliseconds interval)&#10;Build info: version: &apos;4.27.0&apos;, revision: &apos;d6e718d134&apos;&#10;System info: os.name: &apos;Windows 11&apos;, os.arch: &apos;amd64&apos;, os.version: &apos;10.0&apos;, java.version: &apos;22.0.2&apos;&#10;Driver info: driver.version: unknown" type="org.openqa.selenium.TimeoutException"><![CDATA[org.openqa.selenium.TimeoutException: 
Expected condition failed: waiting for visibility of By.xpath: //h4[@class='title']/a[text()='HTC Touch HD'] (tried for 5 second(s) with 250 milliseconds interval)
Build info: version: '4.27.0', revision: 'd6e718d134'
System info: os.name: 'Windows 11', os.arch: 'amd64', os.version: '10.0', java.version: '22.0.2'
Driver info: driver.version: unknown
	at org.openqa.selenium.support.ui.FluentWait.timeoutException(FluentWait.java:265)
	at org.openqa.selenium.support.ui.FluentWait.until(FluentWait.java:228)
	at pages.HomePage.selectProductByName(HomePage.java:26)
	at pages.HomePage$ByteBuddy$JA5KebqG.selectProductByName$accessor$e9N0H8yz(Unknown Source)
	at java.base/java.lang.reflect.Method.invoke(Method.java:580)
	at net.thucydides.core.steps.BaseMethodRunner.invokeMethod(BaseMethodRunner.java:18)
	at net.thucydides.core.steps.NormalMethodRunner.invokeMethodAndNotifyFailures(NormalMethodRunner.java:18)
	at net.thucydides.core.steps.StepInterceptor.runNormalMethod(StepInterceptor.java:425)
	at net.thucydides.core.steps.StepInterceptor.testStepResult(StepInterceptor.java:200)
	at net.thucydides.core.steps.StepInterceptor.intercept(StepInterceptor.java:93)
	at net.thucydides.core.steps.ProxyConfiguration$InterceptorDispatcher.intercept(ProxyConfiguration.java:51)
	at pages.HomePage$ByteBuddy$JA5KebqG.selectProductByName(Unknown Source)
	at steps.AddProductToCartSteps.the_user_selects_a_product_from_the_product_list(AddProductToCartSteps.java:34)
	at ✽.the user selects a product from the product list(classpath:features/03_buy_now_and_checkout.feature:6)
]]></error>
    <system-out><![CDATA[19:41:31.393 [main] INFO   - Test Suite Started: Buy Now and Checkout

Scenario: Proceed to checkout by Buy Now                                     &amp#27;[90m# features/03_buy_now_and_checkout.feature:10&amp#27;[0m
  &amp#27;[32mGiven &amp#27;[0m&amp#27;[32mthe user is logged in&amp#27;[0m                                                &amp#27;[90m# steps.LoginSteps.the_user_is_logged_in()&amp#27;[0m
  &amp#27;[32mAnd &amp#27;[0m&amp#27;[32mthe user is on the home page&amp#27;[0m                                           &amp#27;[90m# steps.AddProductToCartSteps.the_user_is_on_the_home_page()&amp#27;[0m
  &amp#27;[31mWhen &amp#27;[0m&amp#27;[31mthe user selects a product from the product list&amp#27;[0m                      &amp#27;[90m# steps.AddProductToCartSteps.the_user_selects_a_product_from_the_product_list()&amp#27;[0m
      &amp#27;[31morg.openqa.selenium.TimeoutException: Expected condition failed: waiting for visibility of By.xpath: //h4[@class='title']/a[text()='HTC Touch HD'] (tried for 5 second(s) with 250 milliseconds interval)
Build info: version: '4.27.0', revision: 'd6e718d134'
System info: os.name: 'Windows 11', os.arch: 'amd64', os.version: '10.0', java.version: '22.0.2'
Driver info: driver.version: unknown
	at org.openqa.selenium.support.ui.FluentWait.timeoutException(FluentWait.java:265)
	at org.openqa.selenium.support.ui.FluentWait.until(FluentWait.java:228)
	at pages.HomePage.selectProductByName(HomePage.java:26)
	at pages.HomePage$ByteBuddy$JA5KebqG.selectProductByName$accessor$e9N0H8yz(Unknown Source)
	at java.base/jdk.internal.reflect.DirectMethodHandleAccessor.invoke(DirectMethodHandleAccessor.java:103)
	at java.base/java.lang.reflect.Method.invoke(Method.java:580)
	at net.thucydides.core.steps.BaseMethodRunner.invokeMethod(BaseMethodRunner.java:18)
	at net.thucydides.core.steps.NormalMethodRunner.invokeMethodAndNotifyFailures(NormalMethodRunner.java:18)
	at net.thucydides.core.steps.StepInterceptor.runNormalMethod(StepInterceptor.java:425)
	at net.thucydides.core.steps.StepInterceptor.testStepResult(StepInterceptor.java:200)
	at net.thucydides.core.steps.StepInterceptor.intercept(StepInterceptor.java:93)
	at net.thucydides.core.steps.ProxyConfiguration$InterceptorDispatcher.intercept(ProxyConfiguration.java:51)
	at pages.HomePage$ByteBuddy$JA5KebqG.selectProductByName(Unknown Source)
	at steps.AddProductToCartSteps.the_user_selects_a_product_from_the_product_list(AddProductToCartSteps.java:34)
	at ✽.the user selects a product from the product list(classpath:features/03_buy_now_and_checkout.feature:6)
&amp#27;[0m
  &amp#27;[36mAnd &amp#27;[0m&amp#27;[36mthe user navigates to the product details page&amp#27;[0m                         &amp#27;[90m# steps.AddProductToCartSteps.the_user_navigates_to_the_product_details_page()&amp#27;[0m
  &amp#27;[36mAnd &amp#27;[0m&amp#27;[36mthe product is available&amp#27;[0m                                               &amp#27;[90m# steps.AddProductToCartSteps.the_product_is_available()&amp#27;[0m
  &amp#27;[36mWhen &amp#27;[0m&amp#27;[36mthe user click the buy now button&amp#27;[0m                                     &amp#27;[90m# steps.CheckoutSteps.the_user_click_the_buy_now_button()&amp#27;[0m
  &amp#27;[36mThen &amp#27;[0m&amp#27;[36muser navigate to checkout page&amp#27;[0m                                        &amp#27;[90m# steps.CheckoutSteps.user_navigate_to_checkout_page()&amp#27;[0m
  &amp#27;[36mAnd &amp#27;[0m&amp#27;[36mthe checkout page should display the correct product and price details&amp#27;[0m &amp#27;[90m# steps.CheckoutSteps.the_checkout_page_should_display_the_correct_product_and_price_details()&amp#27;[0m
  &amp#27;[36mAnd &amp#27;[0m&amp#27;[36muser pick existing address&amp#27;[0m                                             &amp#27;[90m# steps.CheckoutSteps.user_pick_existing_address()&amp#27;[0m
  &amp#27;[36mAnd &amp#27;[0m&amp#27;[36mthe user accepts the terms and conditions&amp#27;[0m                              &amp#27;[90m# steps.CheckoutSteps.the_user_accepts_the_terms_and_conditions()&amp#27;[0m
  &amp#27;[36mAnd &amp#27;[0m&amp#27;[36mthe user clicks the continue button&amp#27;[0m                                    &amp#27;[90m# steps.CheckoutSteps.the_user_clicks_the_continue_button()&amp#27;[0m
  &amp#27;[36mThen &amp#27;[0m&amp#27;[36mthe user should be able to see the confirm order page&amp#27;[0m                 &amp#27;[90m# steps.CheckoutSteps.the_user_should_be_able_to_see_the_confirm_order_page()&amp#27;[0m
  &amp#27;[36mAnd &amp#27;[0m&amp#27;[36mthe user confirms the order&amp#27;[0m                                            &amp#27;[90m# steps.CheckoutSteps.the_user_confirms_the_order()&amp#27;[0m
  &amp#27;[36mThen &amp#27;[0m&amp#27;[36mthe user navigates to the success page&amp#27;[0m                                &amp#27;[90m# steps.CheckoutSteps.the_user_navigates_to_the_success_page()&amp#27;[0m
  &amp#27;[36mAnd &amp#27;[0m&amp#27;[36muser click continue button&amp#27;[0m                                             &amp#27;[90m# steps.CheckoutSteps.user_click_continue_button()&amp#27;[0m
]]></system-out>
  </testcase>
  <testcase name="Remove a product from the cart" classname="Remove Product from Cart" time="32.856">
    <error message="Expected condition failed: waiting for visibility of By.xpath: //h4[@class=&apos;title&apos;]/a[text()=&apos;HTC Touch HD&apos;] (tried for 5 second(s) with 250 milliseconds interval)&#10;Build info: version: &apos;4.27.0&apos;, revision: &apos;d6e718d134&apos;&#10;System info: os.name: &apos;Windows 11&apos;, os.arch: &apos;amd64&apos;, os.version: &apos;10.0&apos;, java.version: &apos;22.0.2&apos;&#10;Driver info: driver.version: unknown" type="org.openqa.selenium.TimeoutException"><![CDATA[org.openqa.selenium.TimeoutException: 
Expected condition failed: waiting for visibility of By.xpath: //h4[@class='title']/a[text()='HTC Touch HD'] (tried for 5 second(s) with 250 milliseconds interval)
Build info: version: '4.27.0', revision: 'd6e718d134'
System info: os.name: 'Windows 11', os.arch: 'amd64', os.version: '10.0', java.version: '22.0.2'
Driver info: driver.version: unknown
	at org.openqa.selenium.support.ui.FluentWait.timeoutException(FluentWait.java:265)
	at org.openqa.selenium.support.ui.FluentWait.until(FluentWait.java:228)
	at pages.HomePage.selectProductByName(HomePage.java:26)
	at pages.HomePage$ByteBuddy$JA5KebqG.selectProductByName$accessor$e9N0H8yz(Unknown Source)
	at java.base/java.lang.reflect.Method.invoke(Method.java:580)
	at net.thucydides.core.steps.BaseMethodRunner.invokeMethod(BaseMethodRunner.java:18)
	at net.thucydides.core.steps.NormalMethodRunner.invokeMethodAndNotifyFailures(NormalMethodRunner.java:18)
	at net.thucydides.core.steps.StepInterceptor.runNormalMethod(StepInterceptor.java:425)
	at net.thucydides.core.steps.StepInterceptor.testStepResult(StepInterceptor.java:200)
	at net.thucydides.core.steps.StepInterceptor.intercept(StepInterceptor.java:93)
	at net.thucydides.core.steps.ProxyConfiguration$InterceptorDispatcher.intercept(ProxyConfiguration.java:51)
	at pages.HomePage$ByteBuddy$JA5KebqG.selectProductByName(Unknown Source)
	at steps.AddProductToCartSteps.the_user_selects_a_product_from_the_product_list(AddProductToCartSteps.java:34)
	at ✽.the user selects a product from the product list(classpath:features/04_remove_product_from_cart.feature:6)
]]></error>
    <system-out><![CDATA[19:42:04.377 [main] INFO   - Test Suite Started: Remove Product from Cart

Scenario: Remove a product from the cart                     &amp#27;[90m# features/04_remove_product_from_cart.feature:12&amp#27;[0m
  &amp#27;[32mGiven &amp#27;[0m&amp#27;[32mthe user is logged in&amp#27;[0m                                &amp#27;[90m# steps.LoginSteps.the_user_is_logged_in()&amp#27;[0m
  &amp#27;[32mAnd &amp#27;[0m&amp#27;[32mthe user is on the home page&amp#27;[0m                           &amp#27;[90m# steps.AddProductToCartSteps.the_user_is_on_the_home_page()&amp#27;[0m
  &amp#27;[31mWhen &amp#27;[0m&amp#27;[31mthe user selects a product from the product list&amp#27;[0m      &amp#27;[90m# steps.AddProductToCartSteps.the_user_selects_a_product_from_the_product_list()&amp#27;[0m
      &amp#27;[31morg.openqa.selenium.TimeoutException: Expected condition failed: waiting for visibility of By.xpath: //h4[@class='title']/a[text()='HTC Touch HD'] (tried for 5 second(s) with 250 milliseconds interval)
Build info: version: '4.27.0', revision: 'd6e718d134'
System info: os.name: 'Windows 11', os.arch: 'amd64', os.version: '10.0', java.version: '22.0.2'
Driver info: driver.version: unknown
	at org.openqa.selenium.support.ui.FluentWait.timeoutException(FluentWait.java:265)
	at org.openqa.selenium.support.ui.FluentWait.until(FluentWait.java:228)
	at pages.HomePage.selectProductByName(HomePage.java:26)
	at pages.HomePage$ByteBuddy$JA5KebqG.selectProductByName$accessor$e9N0H8yz(Unknown Source)
	at java.base/jdk.internal.reflect.DirectMethodHandleAccessor.invoke(DirectMethodHandleAccessor.java:103)
	at java.base/java.lang.reflect.Method.invoke(Method.java:580)
	at net.thucydides.core.steps.BaseMethodRunner.invokeMethod(BaseMethodRunner.java:18)
	at net.thucydides.core.steps.NormalMethodRunner.invokeMethodAndNotifyFailures(NormalMethodRunner.java:18)
	at net.thucydides.core.steps.StepInterceptor.runNormalMethod(StepInterceptor.java:425)
	at net.thucydides.core.steps.StepInterceptor.testStepResult(StepInterceptor.java:200)
	at net.thucydides.core.steps.StepInterceptor.intercept(StepInterceptor.java:93)
	at net.thucydides.core.steps.ProxyConfiguration$InterceptorDispatcher.intercept(ProxyConfiguration.java:51)
	at pages.HomePage$ByteBuddy$JA5KebqG.selectProductByName(Unknown Source)
	at steps.AddProductToCartSteps.the_user_selects_a_product_from_the_product_list(AddProductToCartSteps.java:34)
	at ✽.the user selects a product from the product list(classpath:features/04_remove_product_from_cart.feature:6)
&amp#27;[0m
  &amp#27;[36mAnd &amp#27;[0m&amp#27;[36mthe user navigates to the product details page&amp#27;[0m         &amp#27;[90m# steps.AddProductToCartSteps.the_user_navigates_to_the_product_details_page()&amp#27;[0m
  &amp#27;[36mAnd &amp#27;[0m&amp#27;[36mthe product is available&amp#27;[0m                               &amp#27;[90m# steps.AddProductToCartSteps.the_product_is_available()&amp#27;[0m
  &amp#27;[36mAnd &amp#27;[0m&amp#27;[36mthe user adds the product to the cart&amp#27;[0m                  &amp#27;[90m# steps.AddProductToCartSteps.the_user_adds_the_product_to_the_cart()&amp#27;[0m
  &amp#27;[36mAnd &amp#27;[0m&amp#27;[36mthe user navigates to the cart page&amp#27;[0m                    &amp#27;[90m# steps.AddProductToCartSteps.the_user_navigates_to_the_cart_page()&amp#27;[0m
  &amp#27;[36mWhen &amp#27;[0m&amp#27;[36mthe user removes the product from the cart&amp#27;[0m            &amp#27;[90m# steps.AddProductToCartSteps.the_user_removes_the_product_from_the_cart()&amp#27;[0m
  &amp#27;[36mThen &amp#27;[0m&amp#27;[36mthe product should no longer be displayed in the cart&amp#27;[0m &amp#27;[90m# steps.AddProductToCartSteps.the_product_should_no_longer_be_displayed_in_the_cart()&amp#27;[0m
]]></system-out>
  </testcase>
  <testcase name="Successful login with valid credentials" classname="User Workflow" time="10.955">
    <system-out><![CDATA[19:42:37.235 [main] INFO   - Test Suite Started: User Workflow

Scenario: Successful login with valid credentials             &amp#27;[90m# features/UserAccountWorkFlow.feature:3&amp#27;[0m
  &amp#27;[32mGiven &amp#27;[0m&amp#27;[32mthe user is on the login page&amp#27;[0m                         &amp#27;[90m# steps.LoginSteps.the_user_is_on_the_login_page()&amp#27;[0m
  &amp#27;[32mWhen &amp#27;[0m&amp#27;[32mthe user enters valid email and password&amp#27;[0m               &amp#27;[90m# steps.LoginSteps.the_user_enters_valid_email_and_password()&amp#27;[0m
  &amp#27;[32mAnd &amp#27;[0m&amp#27;[32mthe user clicks the login button&amp#27;[0m                        &amp#27;[90m# steps.LoginSteps.the_user_clicks_the_login_button()&amp#27;[0m
  &amp#27;[32mThen &amp#27;[0m&amp#27;[32mthe user should be redirected to the account dashboard&amp#27;[0m &amp#27;[90m# steps.LoginSteps.the_user_should_be_redirected_to_the_account_dashboard()&amp#27;[0m
]]></system-out>
  </testcase>
  <testcase name="Add a new address to the address book" classname="User Workflow" time="31.098">
    <system-out><![CDATA[
Scenario: Add a new address to the address book                             &amp#27;[90m# features/UserAccountWorkFlow.feature:9&amp#27;[0m
  &amp#27;[32mGiven &amp#27;[0m&amp#27;[32mthe user is logged in&amp#27;[0m                                               &amp#27;[90m# steps.LoginSteps.the_user_is_logged_in()&amp#27;[0m
  &amp#27;[32mWhen &amp#27;[0m&amp#27;[32mthe user navigates to the &amp#27;[0m&amp#27;[32m&amp#27;[1m"Address Book"&amp#27;[0m&amp#27;[32m section for add new address&amp#27;[0m &amp#27;[90m# steps.AddNewAddressSteps.the_user_navigates_to_the_section(java.lang.String)&amp#27;[0m
  &amp#27;[32mAnd &amp#27;[0m&amp#27;[32mthe user clicks the &amp#27;[0m&amp#27;[32m&amp#27;[1m"New Address"&amp#27;[0m&amp#27;[32m button&amp#27;[0m                              &amp#27;[90m# steps.AddNewAddressSteps.the_user_clicks_the_button(java.lang.String)&amp#27;[0m
  &amp#27;[32mAnd &amp#27;[0m&amp#27;[32mthe user fills out the address form&amp#27;[0m                                   &amp#27;[90m# steps.AddNewAddressSteps.the_user_fills_out_the_address_form()&amp#27;[0m
  &amp#27;[32mThen &amp#27;[0m&amp#27;[32mthe new address should be successfully added&amp#27;[0m                         &amp#27;[90m# steps.AddNewAddressSteps.the_new_address_should_be_successfully_added()&amp#27;[0m
]]></system-out>
  </testcase>
  <testcase name="Update the first address in the Address Book" classname="User Workflow" time="33.351">
    <system-out><![CDATA[
Scenario: Update the first address in the Address Book                     &amp#27;[90m# features/UserAccountWorkFlow.feature:16&amp#27;[0m
  &amp#27;[32mGiven &amp#27;[0m&amp#27;[32mthe user is logged in for Address Book Change&amp#27;[0m                      &amp#27;[90m# steps.UpdateAddressSteps.the_user_is_logged_in_for_address_book_change()&amp#27;[0m
  &amp#27;[32mWhen &amp#27;[0m&amp#27;[32mthe user navigates to the &amp#27;[0m&amp#27;[32m&amp#27;[1m"Address Book"&amp#27;[0m&amp#27;[32m section for update address&amp#27;[0m &amp#27;[90m# steps.UpdateAddressSteps.the_user_navigates_to_the_section(java.lang.String)&amp#27;[0m
  &amp#27;[32mAnd &amp#27;[0m&amp#27;[32mthe user clicks the &amp#27;[0m&amp#27;[32m&amp#27;[1m"Edit"&amp#27;[0m&amp#27;[32m button for the first address&amp#27;[0m              &amp#27;[90m# steps.UpdateAddressSteps.the_user_clicks_the_button_for_the_first_address(java.lang.String)&amp#27;[0m
  &amp#27;[32mAnd &amp#27;[0m&amp#27;[32mthe user updates the address form&amp#27;[0m                                    &amp#27;[90m# steps.UpdateAddressSteps.the_user_updates_the_address_form()&amp#27;[0m
  &amp#27;[32mThen &amp#27;[0m&amp#27;[32mthe address should be successfully updated&amp#27;[0m                          &amp#27;[90m# steps.UpdateAddressSteps.the_address_should_be_successfully_updated()&amp#27;[0m
]]></system-out>
  </testcase>
  <testcase name="Delete the first address from the address book" classname="User Workflow" time="27.032">
    <system-out><![CDATA[
Scenario: Delete the first address from the address book &amp#27;[90m# features/UserAccountWorkFlow.feature:23&amp#27;[0m
  &amp#27;[32mGiven &amp#27;[0m&amp#27;[32mthe user is logged in for Address Book Delete&amp#27;[0m    &amp#27;[90m# steps.DeleteAddressSteps.the_user_is_logged_in_for_address_book_delete()&amp#27;[0m
  &amp#27;[32mWhen &amp#27;[0m&amp#27;[32mthe user navigates to the &amp#27;[0m&amp#27;[32m&amp#27;[1m"Address Book"&amp#27;[0m&amp#27;[32m section&amp#27;[0m  &amp#27;[90m# steps.DeleteAddressSteps.the_user_navigates_to_the_section(java.lang.String)&amp#27;[0m
  &amp#27;[32mAnd &amp#27;[0m&amp#27;[32mthe user deletes the first address&amp#27;[0m                 &amp#27;[90m# steps.DeleteAddressSteps.the_user_deletes_the_first_address()&amp#27;[0m
  &amp#27;[32mThen &amp#27;[0m&amp#27;[32ma success delete message should be displayed&amp#27;[0m      &amp#27;[90m# steps.DeleteAddressSteps.a_success_message_should_be_displayed()&amp#27;[0m
]]></system-out>
  </testcase>
  <testcase name="Successfully change the user password" classname="User Workflow" time="27.489">
    <system-out><![CDATA[
Scenario: Successfully change the user password                                            &amp#27;[90m# features/UserAccountWorkFlow.feature:29&amp#27;[0m
  &amp#27;[32mGiven &amp#27;[0m&amp#27;[32mthe user is logged in to change their password&amp#27;[0m                                     &amp#27;[90m# steps.ChangePasswordSteps.userIsLoggedInToChangePassword()&amp#27;[0m
  &amp#27;[32mAnd &amp#27;[0m&amp#27;[32mthe user navigates to the change password page&amp#27;[0m                                       &amp#27;[90m# steps.ChangePasswordSteps.navigateToChangePasswordPage()&amp#27;[0m
  &amp#27;[32mWhen &amp#27;[0m&amp#27;[32mthe user enters the current password &amp#27;[0m&amp#27;[32m&amp#27;[1m"Pass@1234"&amp#27;[0m                                    &amp#27;[90m# steps.ChangePasswordSteps.enterCurrentPassword(java.lang.String)&amp#27;[0m
  &amp#27;[32mAnd &amp#27;[0m&amp#27;[32mthe user enters a new password &amp#27;[0m&amp#27;[32m&amp#27;[1m"Pass@1234"&amp#27;[0m                                           &amp#27;[90m# steps.ChangePasswordSteps.enterNewPassword(java.lang.String)&amp#27;[0m
  &amp#27;[32mAnd &amp#27;[0m&amp#27;[32mthe user submits the password change form&amp#27;[0m                                            &amp#27;[90m# steps.ChangePasswordSteps.submitPasswordChangeForm()&amp#27;[0m
  &amp#27;[32mThen &amp#27;[0m&amp#27;[32ma success message should be displayed &amp#27;[0m&amp#27;[32m&amp#27;[1m"Your password has been successfully updated"&amp#27;[0m &amp#27;[90m# steps.ChangePasswordSteps.verifySuccessMessage(java.lang.String)&amp#27;[0m
]]></system-out>
  </testcase>
  <testcase name="Failed password change due to incorrect current password" classname="User Workflow" time="26.548">
    <system-out><![CDATA[
Scenario: Failed password change due to incorrect current password                                        &amp#27;[90m# features/UserAccountWorkFlow.feature:37&amp#27;[0m
  &amp#27;[32mGiven &amp#27;[0m&amp#27;[32mthe user is logged in to change their password&amp#27;[0m                                                    &amp#27;[90m# steps.ChangePasswordSteps.userIsLoggedInToChangePassword()&amp#27;[0m
  &amp#27;[32mAnd &amp#27;[0m&amp#27;[32mthe user navigates to the change password page&amp#27;[0m                                                      &amp#27;[90m# steps.ChangePasswordSteps.navigateToChangePasswordPage()&amp#27;[0m
  &amp#27;[32mWhen &amp#27;[0m&amp#27;[32mthe user enters the current password &amp#27;[0m&amp#27;[32m&amp#27;[1m"WrongPassword123"&amp#27;[0m                                            &amp#27;[90m# steps.ChangePasswordSteps.enterCurrentPassword(java.lang.String)&amp#27;[0m
  &amp#27;[32mAnd &amp#27;[0m&amp#27;[32mthe user enters a new password &amp#27;[0m&amp#27;[32m&amp#27;[1m"NewPassword123"&amp#27;[0m                                                     &amp#27;[90m# steps.ChangePasswordSteps.enterNewPassword(java.lang.String)&amp#27;[0m
  &amp#27;[32mAnd &amp#27;[0m&amp#27;[32mthe user submits the password change form&amp#27;[0m                                                           &amp#27;[90m# steps.ChangePasswordSteps.submitPasswordChangeForm()&amp#27;[0m
  &amp#27;[32mThen &amp#27;[0m&amp#27;[32man error message should be displayed for password &amp#27;[0m&amp#27;[32m&amp#27;[1m"Password confirmation does not match password!"&amp#27;[0m &amp#27;[90m# steps.ChangePasswordSteps.verifyErrorMessage(java.lang.String)&amp#27;[0m
]]></system-out>
  </testcase>
  <testcase name="Validate incorrect telephone number during profile update" classname="User Workflow" time="41.03">
    <failure message="[Expected error message is not displayed.] &#10;expected: &quot;Invalid mobile number format.&quot;&#10; but was: &quot;&quot;" type="org.opentest4j.AssertionFailedError"><![CDATA[org.opentest4j.AssertionFailedError: 
[Expected error message is not displayed.] 
expected: "Invalid mobile number format."
 but was: ""
	at java.base/java.lang.reflect.Constructor.newInstanceWithCaller(Constructor.java:502)
	at steps.EditProfileSteps.an_error_message_should_be_displayed(EditProfileSteps.java:67)
	at ✽.an error message should be displayed "Invalid mobile number format."(classpath:features/UserAccountWorkFlow.feature:49)
]]></failure>
    <system-out><![CDATA[
Scenario: Validate incorrect telephone number during profile update                                                                    &amp#27;[90m# features/UserAccountWorkFlow.feature:45&amp#27;[0m
  &amp#27;[32mGiven &amp#27;[0m&amp#27;[32mthe user is logged in for edit profile&amp#27;[0m                                                                                         &amp#27;[90m# steps.EditProfileSteps.the_user_is_logged_in()&amp#27;[0m
  &amp#27;[32mAnd &amp#27;[0m&amp#27;[32mthe user navigates to the edit profile page&amp#27;[0m                                                                                      &amp#27;[90m# steps.EditProfileSteps.the_user_navigates_to_edit_profile_page()&amp#27;[0m
  &amp#27;[32mWhen &amp#27;[0m&amp#27;[32mthe user updates their profile with first name &amp#27;[0m&amp#27;[32m&amp#27;[1m"John"&amp#27;[0m&amp#27;[32m, last name &amp#27;[0m&amp#27;[32m&amp#27;[1m"Doe"&amp#27;[0m&amp#27;[32m, email &amp#27;[0m&amp#27;[32m&amp#27;[1m"chinth@example.com"&amp#27;[0m&amp#27;[32m, and telephone &amp#27;[0m&amp#27;[32m&amp#27;[1m"9876543210d"&amp#27;[0m &amp#27;[90m# steps.EditProfileSteps.the_user_updates_profile(java.lang.String,java.lang.String,java.lang.String,java.lang.String)&amp#27;[0m
Error message did not appear within the timeout.
  &amp#27;[31mThen &amp#27;[0m&amp#27;[31man error message should be displayed &amp#27;[0m&amp#27;[31m&amp#27;[1m"Invalid mobile number format."&amp#27;[0m                                                            &amp#27;[90m# steps.EditProfileSteps.an_error_message_should_be_displayed(java.lang.String)&amp#27;[0m
      &amp#27;[31morg.opentest4j.AssertionFailedError: [Expected error message is not displayed.] 
expected: "Invalid mobile number format."
 but was: ""
	at java.base/jdk.internal.reflect.DirectConstructorHandleAccessor.newInstance(DirectConstructorHandleAccessor.java:62)
	at java.base/java.lang.reflect.Constructor.newInstanceWithCaller(Constructor.java:502)
	at steps.EditProfileSteps.an_error_message_should_be_displayed(EditProfileSteps.java:67)
	at ✽.an error message should be displayed "Invalid mobile number format."(classpath:features/UserAccountWorkFlow.feature:49)
&amp#27;[0m
]]></system-out>
  </testcase>
  <testcase name="Successfully update all profile fields" classname="User Workflow" time="29.131">
    <system-out><![CDATA[
Scenario: Successfully update all profile fields                                                                                      &amp#27;[90m# features/UserAccountWorkFlow.feature:52&amp#27;[0m
  &amp#27;[32mGiven &amp#27;[0m&amp#27;[32mthe user is logged in for edit profile&amp#27;[0m                                                                                        &amp#27;[90m# steps.EditProfileSteps.the_user_is_logged_in()&amp#27;[0m
  &amp#27;[32mAnd &amp#27;[0m&amp#27;[32mthe user navigates to the edit profile page&amp#27;[0m                                                                                     &amp#27;[90m# steps.EditProfileSteps.the_user_navigates_to_edit_profile_page()&amp#27;[0m
  &amp#27;[32mWhen &amp#27;[0m&amp#27;[32mthe user updates their profile with first name &amp#27;[0m&amp#27;[32m&amp#27;[1m"John"&amp#27;[0m&amp#27;[32m, last name &amp#27;[0m&amp#27;[32m&amp#27;[1m"Doe"&amp#27;[0m&amp#27;[32m, email &amp#27;[0m&amp#27;[32m&amp#27;[1m"chinth@example.com"&amp#27;[0m&amp#27;[32m, and telephone &amp#27;[0m&amp#27;[32m&amp#27;[1m"9876543210"&amp#27;[0m &amp#27;[90m# steps.EditProfileSteps.the_user_updates_profile(java.lang.String,java.lang.String,java.lang.String,java.lang.String)&amp#27;[0m
Checking if success message is displayed...
Success message text: Success: Your account has been successfully updated.
Success message is correctly displayed.
  &amp#27;[32mThen &amp#27;[0m&amp#27;[32ma success message should be displayed&amp#27;[0m                                                                                          &amp#27;[90m# steps.EditProfileSteps.a_success_message_should_be_displayed()&amp#27;[0m
]]></system-out>
  </testcase>
  <testcase name="Proceed to checkout" classname="Proceed to Checkout from Cart" time="32.523">
    <error message="Expected condition failed: waiting for visibility of By.xpath: //h4[@class=&apos;title&apos;]/a[text()=&apos;HTC Touch HD&apos;] (tried for 5 second(s) with 250 milliseconds interval)&#10;Build info: version: &apos;4.27.0&apos;, revision: &apos;d6e718d134&apos;&#10;System info: os.name: &apos;Windows 11&apos;, os.arch: &apos;amd64&apos;, os.version: &apos;10.0&apos;, java.version: &apos;22.0.2&apos;&#10;Driver info: driver.version: unknown" type="org.openqa.selenium.TimeoutException"><![CDATA[org.openqa.selenium.TimeoutException: 
Expected condition failed: waiting for visibility of By.xpath: //h4[@class='title']/a[text()='HTC Touch HD'] (tried for 5 second(s) with 250 milliseconds interval)
Build info: version: '4.27.0', revision: 'd6e718d134'
System info: os.name: 'Windows 11', os.arch: 'amd64', os.version: '10.0', java.version: '22.0.2'
Driver info: driver.version: unknown
	at org.openqa.selenium.support.ui.FluentWait.timeoutException(FluentWait.java:265)
	at org.openqa.selenium.support.ui.FluentWait.until(FluentWait.java:228)
	at pages.HomePage.selectProductByName(HomePage.java:26)
	at pages.HomePage$ByteBuddy$JA5KebqG.selectProductByName$accessor$e9N0H8yz(Unknown Source)
	at java.base/java.lang.reflect.Method.invoke(Method.java:580)
	at net.thucydides.core.steps.BaseMethodRunner.invokeMethod(BaseMethodRunner.java:18)
	at net.thucydides.core.steps.NormalMethodRunner.invokeMethodAndNotifyFailures(NormalMethodRunner.java:18)
	at net.thucydides.core.steps.StepInterceptor.runNormalMethod(StepInterceptor.java:425)
	at net.thucydides.core.steps.StepInterceptor.testStepResult(StepInterceptor.java:200)
	at net.thucydides.core.steps.StepInterceptor.intercept(StepInterceptor.java:93)
	at net.thucydides.core.steps.ProxyConfiguration$InterceptorDispatcher.intercept(ProxyConfiguration.java:51)
	at pages.HomePage$ByteBuddy$JA5KebqG.selectProductByName(Unknown Source)
	at steps.AddProductToCartSteps.the_user_selects_a_product_from_the_product_list(AddProductToCartSteps.java:34)
	at ✽.the user selects a product from the product list(classpath:features/proceed_to_checkout_from_cart.feature:6)
]]></error>
    <system-out><![CDATA[19:46:23.873 [main] INFO   - Test Suite Started: Proceed to Checkout from Cart

Scenario: Proceed to checkout                                                &amp#27;[90m# features/proceed_to_checkout_from_cart.feature:11&amp#27;[0m
  &amp#27;[32mGiven &amp#27;[0m&amp#27;[32mthe user is logged in&amp#27;[0m                                                &amp#27;[90m# steps.LoginSteps.the_user_is_logged_in()&amp#27;[0m
  &amp#27;[32mAnd &amp#27;[0m&amp#27;[32mthe user is on the home page&amp#27;[0m                                           &amp#27;[90m# steps.AddProductToCartSteps.the_user_is_on_the_home_page()&amp#27;[0m
  &amp#27;[31mWhen &amp#27;[0m&amp#27;[31mthe user selects a product from the product list&amp#27;[0m                      &amp#27;[90m# steps.AddProductToCartSteps.the_user_selects_a_product_from_the_product_list()&amp#27;[0m
      &amp#27;[31morg.openqa.selenium.TimeoutException: Expected condition failed: waiting for visibility of By.xpath: //h4[@class='title']/a[text()='HTC Touch HD'] (tried for 5 second(s) with 250 milliseconds interval)
Build info: version: '4.27.0', revision: 'd6e718d134'
System info: os.name: 'Windows 11', os.arch: 'amd64', os.version: '10.0', java.version: '22.0.2'
Driver info: driver.version: unknown
	at org.openqa.selenium.support.ui.FluentWait.timeoutException(FluentWait.java:265)
	at org.openqa.selenium.support.ui.FluentWait.until(FluentWait.java:228)
	at pages.HomePage.selectProductByName(HomePage.java:26)
	at pages.HomePage$ByteBuddy$JA5KebqG.selectProductByName$accessor$e9N0H8yz(Unknown Source)
	at java.base/jdk.internal.reflect.DirectMethodHandleAccessor.invoke(DirectMethodHandleAccessor.java:103)
	at java.base/java.lang.reflect.Method.invoke(Method.java:580)
	at net.thucydides.core.steps.BaseMethodRunner.invokeMethod(BaseMethodRunner.java:18)
	at net.thucydides.core.steps.NormalMethodRunner.invokeMethodAndNotifyFailures(NormalMethodRunner.java:18)
	at net.thucydides.core.steps.StepInterceptor.runNormalMethod(StepInterceptor.java:425)
	at net.thucydides.core.steps.StepInterceptor.testStepResult(StepInterceptor.java:200)
	at net.thucydides.core.steps.StepInterceptor.intercept(StepInterceptor.java:93)
	at net.thucydides.core.steps.ProxyConfiguration$InterceptorDispatcher.intercept(ProxyConfiguration.java:51)
	at pages.HomePage$ByteBuddy$JA5KebqG.selectProductByName(Unknown Source)
	at steps.AddProductToCartSteps.the_user_selects_a_product_from_the_product_list(AddProductToCartSteps.java:34)
	at ✽.the user selects a product from the product list(classpath:features/proceed_to_checkout_from_cart.feature:6)
&amp#27;[0m
  &amp#27;[36mAnd &amp#27;[0m&amp#27;[36mthe user navigates to the product details page&amp#27;[0m                         &amp#27;[90m# steps.AddProductToCartSteps.the_user_navigates_to_the_product_details_page()&amp#27;[0m
  &amp#27;[36mAnd &amp#27;[0m&amp#27;[36mthe product is available&amp#27;[0m                                               &amp#27;[90m# steps.AddProductToCartSteps.the_product_is_available()&amp#27;[0m
  &amp#27;[36mAnd &amp#27;[0m&amp#27;[36mthe user adds the product to the cart&amp#27;[0m                                  &amp#27;[90m# steps.AddProductToCartSteps.the_user_adds_the_product_to_the_cart()&amp#27;[0m
  &amp#27;[36mWhen &amp#27;[0m&amp#27;[36mthe user navigates to the cart page&amp#27;[0m                                   &amp#27;[90m# steps.AddProductToCartSteps.the_user_navigates_to_the_cart_page()&amp#27;[0m
  &amp#27;[36mAnd &amp#27;[0m&amp#27;[36mthe user proceeds to checkout&amp#27;[0m                                          &amp#27;[90m# steps.CheckoutSteps.the_user_proceeds_to_checkout()&amp#27;[0m
  &amp#27;[36mThen &amp#27;[0m&amp#27;[36muser navigate to checkout page&amp#27;[0m                                        &amp#27;[90m# steps.CheckoutSteps.user_navigate_to_checkout_page()&amp#27;[0m
  &amp#27;[36mAnd &amp#27;[0m&amp#27;[36mthe checkout page should display the correct product and price details&amp#27;[0m &amp#27;[90m# steps.CheckoutSteps.the_checkout_page_should_display_the_correct_product_and_price_details()&amp#27;[0m
  &amp#27;[36mAnd &amp#27;[0m&amp#27;[36muser pick existing address&amp#27;[0m                                             &amp#27;[90m# steps.CheckoutSteps.user_pick_existing_address()&amp#27;[0m
  &amp#27;[36mAnd &amp#27;[0m&amp#27;[36mthe user accepts the terms and conditions&amp#27;[0m                              &amp#27;[90m# steps.CheckoutSteps.the_user_accepts_the_terms_and_conditions()&amp#27;[0m
  &amp#27;[36mAnd &amp#27;[0m&amp#27;[36mthe user clicks the continue button&amp#27;[0m                                    &amp#27;[90m# steps.CheckoutSteps.the_user_clicks_the_continue_button()&amp#27;[0m
  &amp#27;[36mThen &amp#27;[0m&amp#27;[36mthe user should be able to see the confirm order page&amp#27;[0m                 &amp#27;[90m# steps.CheckoutSteps.the_user_should_be_able_to_see_the_confirm_order_page()&amp#27;[0m
  &amp#27;[36mAnd &amp#27;[0m&amp#27;[36mthe user confirms the order&amp#27;[0m                                            &amp#27;[90m# steps.CheckoutSteps.the_user_confirms_the_order()&amp#27;[0m
  &amp#27;[36mThen &amp#27;[0m&amp#27;[36mthe user navigates to the success page&amp#27;[0m                                &amp#27;[90m# steps.CheckoutSteps.the_user_navigates_to_the_success_page()&amp#27;[0m
  &amp#27;[36mAnd &amp#27;[0m&amp#27;[36muser click continue button&amp#27;[0m                                             &amp#27;[90m# steps.CheckoutSteps.user_click_continue_button()&amp#27;[0m
]]></system-out>
  </testcase>
</testsuite>