<?xml version="1.0" encoding="UTF-8" standalone="no"?><testsuite errors="2" failures="0" name="Guest Checkout Functionality" skipped="0" tests="2" time="121.19" timestamp="2025-01-04 12:14:20"><testcase name="Proceed to checkout as guest user"><error message="Unexpected alert dialog detected. Performed handler &quot;dismiss&quot;: &#10;Build info: version: '4.27.0', revision: 'd6e718d134'&#10;System info: os.name: 'Linux', os.arch: 'amd64', os.version: '6.2.0-39-generic', java.version: '17.0.12'&#10;Driver info: org.openqa.selenium.firefox.FirefoxDriver&#10;Command: [de6d968d-d351-4429-8c12-7b5ad6b17239, findElement {value=//label[@for='input-account-guest'], using=xpath}]&#10;Capabilities {acceptInsecureCerts: false, browserName: firefox, browserVersion: 132.0.1, moz:accessibilityChecks: false, moz:buildID: 20241103194048, moz:geckodriverVersion: 0.35.0, moz:headless: true, moz:platformVersion: 6.2.0-39-generic, moz:processID: 91561, moz:profile: /tmp/rust_mozprofileqwPZbs, moz:shutdownTimeout: 60000, moz:webdriverClick: true, moz:windowless: false, pageLoadStrategy: normal, platformName: linux, proxy: Proxy(), setWindowRect: true, strictFileInteractability: false, timeouts: {implicit: 0, pageLoad: 300000, script: 30000}, unhandledPromptBehavior: dismiss and notify, userAgent: Mozilla/5.0 (X11; Linux x86..., webSocketUrl: ws://127.0.0.1:5976/session...}&#10;Session ID: de6d968d-d351-4429-8c12-7b5ad6b17239" type="org.openqa.selenium.UnhandledAlertException">Unexpected alert dialog detected. Performed handler "dismiss": 
Build info: version: '4.27.0', revision: 'd6e718d134'
System info: os.name: 'Linux', os.arch: 'amd64', os.version: '6.2.0-39-generic', java.version: '17.0.12'
Driver info: org.openqa.selenium.firefox.FirefoxDriver
Command: [de6d968d-d351-4429-8c12-7b5ad6b17239, findElement {value=//label[@for='input-account-guest'], using=xpath}]
Capabilities {acceptInsecureCerts: false, browserName: firefox, browserVersion: 132.0.1, moz:accessibilityChecks: false, moz:buildID: 20241103194048, moz:geckodriverVersion: 0.35.0, moz:headless: true, moz:platformVersion: 6.2.0-39-generic, moz:processID: 91561, moz:profile: /tmp/rust_mozprofileqwPZbs, moz:shutdownTimeout: 60000, moz:webdriverClick: true, moz:windowless: false, pageLoadStrategy: normal, platformName: linux, proxy: Proxy(), setWindowRect: true, strictFileInteractability: false, timeouts: {implicit: 0, pageLoad: 300000, script: 30000}, unhandledPromptBehavior: dismiss and notify, userAgent: Mozilla/5.0 (X11; Linux x86..., webSocketUrl: ws://127.0.0.1:5976/session...}
Session ID: de6d968d-d351-4429-8c12-7b5ad6b17239</error><system-err>Unexpected alert dialog detected. Performed handler "dismiss": 
Build info: version: '4.27.0', revision: 'd6e718d134'
System info: os.name: 'Linux', os.arch: 'amd64', os.version: '6.2.0-39-generic', java.version: '17.0.12'
Driver info: org.openqa.selenium.firefox.FirefoxDriver
Command: [de6d968d-d351-4429-8c12-7b5ad6b17239, findElement {value=//label[@for='input-account-guest'], using=xpath}]
Capabilities {acceptInsecureCerts: false, browserName: firefox, browserVersion: 132.0.1, moz:accessibilityChecks: false, moz:buildID: 20241103194048, moz:geckodriverVersion: 0.35.0, moz:headless: true, moz:platformVersion: 6.2.0-39-generic, moz:processID: 91561, moz:profile: /tmp/rust_mozprofileqwPZbs, moz:shutdownTimeout: 60000, moz:webdriverClick: true, moz:windowless: false, pageLoadStrategy: normal, platformName: linux, proxy: Proxy(), setWindowRect: true, strictFileInteractability: false, timeouts: {implicit: 0, pageLoad: 300000, script: 30000}, unhandledPromptBehavior: dismiss and notify, userAgent: Mozilla/5.0 (X11; Linux x86..., webSocketUrl: ws://127.0.0.1:5976/session...}
Session ID: de6d968d-d351-4429-8c12-7b5ad6b17239
pages.CheckoutPage.chooseGuestCheckout(CheckoutPage.java:120)
steps.CheckoutSteps.the_user_chooses_guest_checkout(CheckoutSteps.java:47)
✽.the user chooses guest checkout(classpath:features/guest_checkout.feature:14)
</system-err></testcase><testcase name="Proceed to checkout as guest user with incorrect telephone number"><error message="Unexpected alert dialog detected. Performed handler &quot;dismiss&quot;: &#10;Build info: version: '4.27.0', revision: 'd6e718d134'&#10;System info: os.name: 'Linux', os.arch: 'amd64', os.version: '6.2.0-39-generic', java.version: '17.0.12'&#10;Driver info: org.openqa.selenium.firefox.FirefoxDriver&#10;Command: [07321272-2567-4fdd-bfa1-055425c79a9e, findElement {value=//label[@for='input-account-guest'], using=xpath}]&#10;Capabilities {acceptInsecureCerts: false, browserName: firefox, browserVersion: 132.0.1, moz:accessibilityChecks: false, moz:buildID: 20241103194048, moz:geckodriverVersion: 0.35.0, moz:headless: true, moz:platformVersion: 6.2.0-39-generic, moz:processID: 92216, moz:profile: /tmp/rust_mozprofilejdCYmd, moz:shutdownTimeout: 60000, moz:webdriverClick: true, moz:windowless: false, pageLoadStrategy: normal, platformName: linux, proxy: Proxy(), setWindowRect: true, strictFileInteractability: false, timeouts: {implicit: 0, pageLoad: 300000, script: 30000}, unhandledPromptBehavior: dismiss and notify, userAgent: Mozilla/5.0 (X11; Linux x86..., webSocketUrl: ws://127.0.0.1:27578/sessio...}&#10;Session ID: 07321272-2567-4fdd-bfa1-055425c79a9e" type="org.openqa.selenium.UnhandledAlertException">Unexpected alert dialog detected. Performed handler "dismiss": 
Build info: version: '4.27.0', revision: 'd6e718d134'
System info: os.name: 'Linux', os.arch: 'amd64', os.version: '6.2.0-39-generic', java.version: '17.0.12'
Driver info: org.openqa.selenium.firefox.FirefoxDriver
Command: [07321272-2567-4fdd-bfa1-055425c79a9e, findElement {value=//label[@for='input-account-guest'], using=xpath}]
Capabilities {acceptInsecureCerts: false, browserName: firefox, browserVersion: 132.0.1, moz:accessibilityChecks: false, moz:buildID: 20241103194048, moz:geckodriverVersion: 0.35.0, moz:headless: true, moz:platformVersion: 6.2.0-39-generic, moz:processID: 92216, moz:profile: /tmp/rust_mozprofilejdCYmd, moz:shutdownTimeout: 60000, moz:webdriverClick: true, moz:windowless: false, pageLoadStrategy: normal, platformName: linux, proxy: Proxy(), setWindowRect: true, strictFileInteractability: false, timeouts: {implicit: 0, pageLoad: 300000, script: 30000}, unhandledPromptBehavior: dismiss and notify, userAgent: Mozilla/5.0 (X11; Linux x86..., webSocketUrl: ws://127.0.0.1:27578/sessio...}
Session ID: 07321272-2567-4fdd-bfa1-055425c79a9e</error><system-err>Unexpected alert dialog detected. Performed handler "dismiss": 
Build info: version: '4.27.0', revision: 'd6e718d134'
System info: os.name: 'Linux', os.arch: 'amd64', os.version: '6.2.0-39-generic', java.version: '17.0.12'
Driver info: org.openqa.selenium.firefox.FirefoxDriver
Command: [07321272-2567-4fdd-bfa1-055425c79a9e, findElement {value=//label[@for='input-account-guest'], using=xpath}]
Capabilities {acceptInsecureCerts: false, browserName: firefox, browserVersion: 132.0.1, moz:accessibilityChecks: false, moz:buildID: 20241103194048, moz:geckodriverVersion: 0.35.0, moz:headless: true, moz:platformVersion: 6.2.0-39-generic, moz:processID: 92216, moz:profile: /tmp/rust_mozprofilejdCYmd, moz:shutdownTimeout: 60000, moz:webdriverClick: true, moz:windowless: false, pageLoadStrategy: normal, platformName: linux, proxy: Proxy(), setWindowRect: true, strictFileInteractability: false, timeouts: {implicit: 0, pageLoad: 300000, script: 30000}, unhandledPromptBehavior: dismiss and notify, userAgent: Mozilla/5.0 (X11; Linux x86..., webSocketUrl: ws://127.0.0.1:27578/sessio...}
Session ID: 07321272-2567-4fdd-bfa1-055425c79a9e
pages.CheckoutPage.chooseGuestCheckout(CheckoutPage.java:120)
steps.CheckoutSteps.the_user_chooses_guest_checkout(CheckoutSteps.java:47)
✽.the user chooses guest checkout(classpath:features/guest_checkout.feature:28)
</system-err></testcase></testsuite>