<?xml version="1.0" encoding="UTF-8" standalone="no"?><testsuite errors="0" failures="2" name="Category Page Testing" skipped="0" tests="5" time="57.56" timestamp="2025-01-04 12:13:21"><testcase name="User navigates to the category page successfully"/><testcase name="Products are displayed correctly on the category page"><failure message="Product count mismatch ==&gt; expected: &lt;true&gt; but was: &lt;false&gt;" type="org.opentest4j.AssertionFailedError">Product count mismatch ==&gt; expected: &lt;true&gt; but was: &lt;false&gt;</failure><system-err>Product count mismatch ==&gt; expected: &lt;true&gt; but was: &lt;false&gt;
steps.CategoryPageSteps.total_product_count_should_match(CategoryPageSteps.java:63)
✽.the total number of products diaplayed should match the product count mentioned on the page(classpath:features/category_page.feature:16)
</system-err></testcase><testcase name="Filter products by price range"/><testcase name="Navigate through product pages"><failure message="The URL did not update correctly to the new page ==&gt; expected: &lt;true&gt; but was: &lt;false&gt;" type="org.opentest4j.AssertionFailedError">The URL did not update correctly to the new page ==&gt; expected: &lt;true&gt; but was: &lt;false&gt;</failure><system-err>The URL did not update correctly to the new page ==&gt; expected: &lt;true&gt; but was: &lt;false&gt;
steps.CategoryPageSteps.theURLShouldUpdateToShowTheNewPage(CategoryPageSteps.java:93)
✽.the URL should update to show the new page(classpath:features/category_page.feature:29)
</system-err></testcase><testcase name="Add a product to wishlist"/></testsuite>